<?xml version="1.0" encoding="UTF-8"?>
<!-- Generated by org.testng.reporters.JUnitXMLReporter -->
<testsuite ignored="0" hostname="DESKTOP-I7TFLUD" failures="0" tests="5" name="Default test" time="26.251" errors="0" timestamp="2024-03-21T17:17:30 IST">
  <testcase classname="com.testCases.TC_003_SearchItem_addCart" name="searchItemAndToCart" time="1.681"/>
  <testcase classname="com.testCases.TC_003_SearchItem_addCart" name="searchItemAndToCart" time="1.609"/>
  <testcase classname="com.testCases.TC_003_SearchItem_addCart" name="searchItemAndToCart" time="3.032"/>
  <testcase classname="com.testCases.TC_003_SearchItem_addCart" name="searchItemAndToCart" time="1.626"/>
  <testcase classname="com.testCases.TC_003_SearchItem_addCart" name="searchItemAndToCart" time="2.12"/>
</testsuite> <!-- Default test -->
